<?xml version="1.0" encoding="UTF-8"?>
<!-- Generated by org.testng.reporters.JUnitReportReporter -->
<testsuite hostname="SumedhKrishna" failures="0" tests="4" name="com.teckArch.sfdc.TC25_CreateNewContact" time="11.022" errors="0" timestamp="2023-08-24T19:52:41 EDT" skipped="0">
  <testcase classname="com.teckArch.sfdc.TC25_CreateNewContact" name="step1" time="4.374"/>
  <system-out/>
  <testcase classname="com.teckArch.sfdc.TC25_CreateNewContact" name="step2" time="0.363"/>
  <system-out/>
  <testcase classname="com.teckArch.sfdc.TC25_CreateNewContact" name="step3" time="0.533"/>
  <system-out/>
  <testcase classname="com.teckArch.sfdc.TC25_CreateNewContact" name="step4" time="5.752"/>
  <system-out/>
</testsuite> <!-- com.teckArch.sfdc.TC25_CreateNewContact -->
