<?xml version="1.0" encoding="UTF-8"?>
<!-- Generated by org.testng.reporters.JUnitReportReporter -->
<testsuite hostname="SumedhKrishna" failures="0" tests="3" name="com.teckArch.sfdc.TC28_MyContacts" time="23.417" errors="0" timestamp="2023-08-30T21:54:39 EDT" skipped="0">
  <testcase classname="com.teckArch.sfdc.TC28_MyContacts" name="step1" time="19.055"/>
  <system-out/>
  <testcase classname="com.teckArch.sfdc.TC28_MyContacts" name="step2" time="0.285"/>
  <system-out/>
  <testcase classname="com.teckArch.sfdc.TC28_MyContacts" name="step3" time="4.077"/>
  <system-out/>
</testsuite> <!-- com.teckArch.sfdc.TC28_MyContacts -->
