<?xml version="1.0" encoding="UTF-8"?>
<!-- Generated by org.testng.reporters.JUnitReportReporter -->
<testsuite hostname="SumedhKrishna" failures="0" tests="2" name="com.teckArch.sfdc.TC08" time="7.223" errors="0" timestamp="2023-08-19T16:42:42 EDT" skipped="0">
  <testcase classname="com.teckArch.sfdc.TC08" name="login" time="4.923"/>
  <system-out/>
  <testcase classname="com.teckArch.sfdc.TC08" name="step2" time="2.300"/>
  <system-out/>
</testsuite> <!-- com.teckArch.sfdc.TC08 -->
