<?xml version="1.0" encoding="UTF-8"?>
<!-- Generated by org.testng.reporters.JUnitReportReporter -->
<testsuite hostname="SumedhKrishna" failures="0" tests="1" name="com.teckArch.sfdc.TC35_VerifyTabCustomization" time="14.478" errors="0" timestamp="2023-08-31T11:32:34 EDT" skipped="0">
  <testcase classname="com.teckArch.sfdc.TC35_VerifyTabCustomization" name="verifyTabCustomization" time="14.478"/>
  <system-out/>
</testsuite> <!-- com.teckArch.sfdc.TC35_VerifyTabCustomization -->
