<?xml version="1.0" encoding="UTF-8"?>
<!-- Generated by org.testng.reporters.JUnitReportReporter -->
<testsuite hostname="SumedhKrishna" failures="0" tests="3" name="com.teckArch.sfdc.TC27_RecentlyCreatedContacts" time="6.395" errors="0" timestamp="2023-08-30T21:28:34 EDT" skipped="0">
  <testcase classname="com.teckArch.sfdc.TC27_RecentlyCreatedContacts" name="step1" time="5.140"/>
  <system-out/>
  <testcase classname="com.teckArch.sfdc.TC27_RecentlyCreatedContacts" name="step2" time="0.259"/>
  <system-out/>
  <testcase classname="com.teckArch.sfdc.TC27_RecentlyCreatedContacts" name="step3" time="0.996"/>
  <system-out/>
</testsuite> <!-- com.teckArch.sfdc.TC27_RecentlyCreatedContacts -->
