<?xml version="1.0" encoding="UTF-8"?>
<!-- Generated by org.testng.reporters.JUnitReportReporter -->
<testsuite hostname="SumedhKrishna" failures="0" tests="4" name="com.teckArch.sfdc.TC32_VerifySaveAndNewButton" time="5.879" errors="0" timestamp="2023-08-30T22:48:00 EDT" skipped="0">
  <testcase classname="com.teckArch.sfdc.TC32_VerifySaveAndNewButton" name="step1" time="4.278"/>
  <system-out/>
  <testcase classname="com.teckArch.sfdc.TC32_VerifySaveAndNewButton" name="step2" time="0.201"/>
  <system-out/>
  <testcase classname="com.teckArch.sfdc.TC32_VerifySaveAndNewButton" name="step3" time="0.576"/>
  <system-out/>
  <testcase classname="com.teckArch.sfdc.TC32_VerifySaveAndNewButton" name="step4" time="0.824"/>
  <system-out/>
</testsuite> <!-- com.teckArch.sfdc.TC32_VerifySaveAndNewButton -->
