<?xml version="1.0" encoding="UTF-8"?>
<!-- Generated by org.testng.reporters.JUnitReportReporter -->
<testsuite hostname="SumedhKrishna" failures="0" tests="3" name="com.teckArch.sfdc.TC21_LeadsSelectView" time="10.083" errors="0" timestamp="2023-08-24T18:17:17 EDT" skipped="0">
  <testcase classname="com.teckArch.sfdc.TC21_LeadsSelectView" name="step1" time="9.271"/>
  <system-out/>
  <testcase classname="com.teckArch.sfdc.TC21_LeadsSelectView" name="step2" time="0.340"/>
  <system-out/>
  <testcase classname="com.teckArch.sfdc.TC21_LeadsSelectView" name="step3" time="0.472"/>
  <system-out/>
</testsuite> <!-- com.teckArch.sfdc.TC21_LeadsSelectView -->
