<?xml version="1.0" encoding="UTF-8"?>
<!-- Generated by org.testng.reporters.JUnitReportReporter -->
<testsuite hostname="SumedhKrishna" failures="0" tests="4" name="com.teckArch.sfdc.TC12_Editview" time="15.505" errors="0" timestamp="2023-08-19T23:40:00 EDT" skipped="0">
  <testcase classname="com.teckArch.sfdc.TC12_Editview" name="step4" time="5.730"/>
  <system-out/>
  <testcase classname="com.teckArch.sfdc.TC12_Editview" name="step3" time="2.672"/>
  <system-out/>
  <testcase classname="com.teckArch.sfdc.TC12_Editview" name="login" time="4.809"/>
  <system-out/>
  <testcase classname="com.teckArch.sfdc.TC12_Editview" name="step2" time="2.294"/>
  <system-out/>
</testsuite> <!-- com.teckArch.sfdc.TC12_Editview -->
