<?xml version="1.0" encoding="UTF-8"?>
<!-- Generated by org.testng.reporters.JUnitReportReporter -->
<testsuite hostname="SumedhKrishna" failures="0" tests="1" name="com.teckArch.sfdc.TC36_BlockingAnEventInTheCalender" time="8.294" errors="0" timestamp="2023-08-31T19:50:33 EDT" skipped="0">
  <testcase classname="com.teckArch.sfdc.TC36_BlockingAnEventInTheCalender" name="blockingAnEventInTheCalender" time="8.294"/>
  <system-out/>
</testsuite> <!-- com.teckArch.sfdc.TC36_BlockingAnEventInTheCalender -->
