<?xml version="1.0" encoding="UTF-8"?>
<!-- Generated by org.testng.reporters.JUnitReportReporter -->
<testsuite hostname="SumedhKrishna" failures="0" tests="1" name="com.teckArch.sfdc.TC33_VerifyFirstNameAndLastName" time="5.129" errors="0" timestamp="2023-08-30T23:12:37 EDT" skipped="0">
  <testcase classname="com.teckArch.sfdc.TC33_VerifyFirstNameAndLastName" name="step1" time="5.129"/>
  <system-out/>
</testsuite> <!-- com.teckArch.sfdc.TC33_VerifyFirstNameAndLastName -->
