<?xml version="1.0" encoding="UTF-8"?>
<!-- Generated by org.testng.reporters.JUnitReportReporter -->
<testsuite hostname="SumedhKrishna" failures="0" tests="1" name="com.teckArch.sfdc.TC34_VerifyUpdatedLastName" time="38.082" errors="0" timestamp="2023-08-31T10:43:38 EDT" skipped="0">
  <testcase classname="com.teckArch.sfdc.TC34_VerifyUpdatedLastName" name="verifyUpdatedLastName" time="38.082"/>
  <system-out/>
</testsuite> <!-- com.teckArch.sfdc.TC34_VerifyUpdatedLastName -->
