<?xml version="1.0" encoding="UTF-8"?>
<!-- Generated by org.testng.reporters.JUnitReportReporter -->
<testsuite hostname="SumedhKrishna" failures="0" tests="4" name="com.teckArch.sfdc.TC31_VerifyTheCancelButton" time="7.681" errors="0" timestamp="2023-08-30T22:36:39 EDT" skipped="0">
  <testcase classname="com.teckArch.sfdc.TC31_VerifyTheCancelButton" name="step1" time="5.626"/>
  <system-out/>
  <testcase classname="com.teckArch.sfdc.TC31_VerifyTheCancelButton" name="step2" time="0.258"/>
  <system-out/>
  <testcase classname="com.teckArch.sfdc.TC31_VerifyTheCancelButton" name="step3" time="0.955"/>
  <system-out/>
  <testcase classname="com.teckArch.sfdc.TC31_VerifyTheCancelButton" name="step4" time="0.842"/>
  <system-out/>
</testsuite> <!-- com.teckArch.sfdc.TC31_VerifyTheCancelButton -->
