<?xml version="1.0" encoding="UTF-8"?>
<!-- Generated by org.testng.reporters.JUnitReportReporter -->
<testsuite hostname="SumedhKrishna" failures="0" tests="4" name="com.teckArch.sfdc.TC30_VerifyTheContactErrorMsg" time="9.047" errors="0" timestamp="2023-08-30T22:27:08 EDT" skipped="0">
  <testcase classname="com.teckArch.sfdc.TC30_VerifyTheContactErrorMsg" name="step1" time="7.670"/>
  <system-out/>
  <testcase classname="com.teckArch.sfdc.TC30_VerifyTheContactErrorMsg" name="step2" time="0.292"/>
  <system-out/>
  <testcase classname="com.teckArch.sfdc.TC30_VerifyTheContactErrorMsg" name="step3" time="0.481"/>
  <system-out/>
  <testcase classname="com.teckArch.sfdc.TC30_VerifyTheContactErrorMsg" name="step4" time="0.604"/>
  <system-out/>
</testsuite> <!-- com.teckArch.sfdc.TC30_VerifyTheContactErrorMsg -->
