<?xml version="1.0" encoding="UTF-8"?>
<!-- Generated by org.testng.reporters.JUnitReportReporter -->
<testsuite hostname="SumedhKrishna" failures="0" tests="3" name="com.teckArch.sfdc.TC10_CreateNewAccount" time="12.002" errors="0" timestamp="2023-08-19T21:20:24 EDT" skipped="0">
  <testcase classname="com.teckArch.sfdc.TC10_CreateNewAccount" name="step3" time="1.765"/>
  <system-out/>
  <testcase classname="com.teckArch.sfdc.TC10_CreateNewAccount" name="login" time="8.420"/>
  <system-out/>
  <testcase classname="com.teckArch.sfdc.TC10_CreateNewAccount" name="step2" time="1.817"/>
  <system-out/>
</testsuite> <!-- com.teckArch.sfdc.TC10_CreateNewAccount -->
