<?xml version="1.0" encoding="UTF-8"?>
<!-- Generated by org.testng.reporters.JUnitReportReporter -->
<testsuite hostname="SumedhKrishna" failures="0" tests="4" name="com.teckArch.sfdc.TC_14CreateAccountReport" time="6.151" errors="0" timestamp="2023-08-21T21:20:14 EDT" skipped="0">
  <testcase classname="com.teckArch.sfdc.TC_14CreateAccountReport" name="step1" time="4.009"/>
  <system-out/>
  <testcase classname="com.teckArch.sfdc.TC_14CreateAccountReport" name="step2" time="0.528"/>
  <system-out/>
  <testcase classname="com.teckArch.sfdc.TC_14CreateAccountReport" name="step3" time="0.511"/>
  <system-out/>
  <testcase classname="com.teckArch.sfdc.TC_14CreateAccountReport" name="step4" time="1.103"/>
  <system-out/>
</testsuite> <!-- com.teckArch.sfdc.TC_14CreateAccountReport -->
