<?xml version="1.0" encoding="UTF-8"?>
<!-- Generated by org.testng.reporters.JUnitReportReporter -->
<testsuite hostname="SumedhKrishna" failures="0" tests="3" name="com.teckArch.sfdc.TC16_CreateANewOpty" time="14.066" errors="0" timestamp="2023-08-23T23:43:51 EDT" skipped="0">
  <testcase classname="com.teckArch.sfdc.TC16_CreateANewOpty" name="step1" time="7.011"/>
  <system-out/>
  <testcase classname="com.teckArch.sfdc.TC16_CreateANewOpty" name="step2" time="0.269"/>
  <system-out/>
  <testcase classname="com.teckArch.sfdc.TC16_CreateANewOpty" name="step3" time="6.786"/>
  <system-out/>
</testsuite> <!-- com.teckArch.sfdc.TC16_CreateANewOpty -->
