<?xml version="1.0" encoding="UTF-8"?>
<!-- Generated by org.testng.reporters.JUnitReportReporter -->
<testsuite hostname="SumedhKrishna" failures="0" tests="2" name="com.teckArch.sfdc.TC20_LeadsTab" time="5.003" errors="0" timestamp="2023-08-24T18:05:46 EDT" skipped="0">
  <testcase classname="com.teckArch.sfdc.TC20_LeadsTab" name="step1" time="4.728"/>
  <system-out/>
  <testcase classname="com.teckArch.sfdc.TC20_LeadsTab" name="step2" time="0.275"/>
  <system-out/>
</testsuite> <!-- com.teckArch.sfdc.TC20_LeadsTab -->
