<?xml version="1.0" encoding="UTF-8"?>
<!-- Generated by org.testng.reporters.JUnitReportReporter -->
<testsuite hostname="SumedhKrishna" failures="0" tests="3" name="com.teckArch.sfdc.TC17_TestOpportunityPipelineReport" time="7.165" errors="0" timestamp="2023-08-24T10:17:28 EDT" skipped="0">
  <testcase classname="com.teckArch.sfdc.TC17_TestOpportunityPipelineReport" name="step1" time="4.222"/>
  <system-out/>
  <testcase classname="com.teckArch.sfdc.TC17_TestOpportunityPipelineReport" name="step2" time="0.239"/>
  <system-out/>
  <testcase classname="com.teckArch.sfdc.TC17_TestOpportunityPipelineReport" name="step3" time="2.704"/>
  <system-out/>
</testsuite> <!-- com.teckArch.sfdc.TC17_TestOpportunityPipelineReport -->
