<?xml version="1.0" encoding="UTF-8"?>
<!-- Generated by org.testng.reporters.JUnitReportReporter -->
<testsuite hostname="SumedhKrishna" failures="0" tests="2" name="com.teckArch.sfdc.TC10" time="12.299" errors="0" timestamp="2023-08-19T21:11:25 EDT" skipped="0">
  <testcase classname="com.teckArch.sfdc.TC10" name="login" time="9.472"/>
  <system-out/>
  <testcase classname="com.teckArch.sfdc.TC10" name="step2" time="2.827"/>
  <system-out/>
</testsuite> <!-- com.teckArch.sfdc.TC10 -->
