<?xml version="1.0" encoding="UTF-8"?>
<!-- Generated by org.testng.reporters.JUnitReportReporter -->
<testsuite hostname="SumedhKrishna" failures="0" tests="2" name="com.teckArch.sfdc.TC09" time="9.008" errors="0" timestamp="2023-08-19T16:50:30 EDT" skipped="0">
  <testcase classname="com.teckArch.sfdc.TC09" name="login" time="6.744"/>
  <system-out/>
  <testcase classname="com.teckArch.sfdc.TC09" name="step2" time="2.264"/>
  <system-out/>
</testsuite> <!-- com.teckArch.sfdc.TC09 -->
