<?xml version="1.0" encoding="UTF-8"?>
<!-- Generated by org.testng.reporters.JUnitReportReporter -->
<testsuite hostname="SumedhKrishna" failures="0" tests="3" name="com.teckArch.sfdc.TC07" time="8.028" errors="0" timestamp="2023-08-19T16:25:37 EDT" skipped="0">
  <testcase classname="com.teckArch.sfdc.TC07" name="step5" time="2.519"/>
  <system-out/>
  <testcase classname="com.teckArch.sfdc.TC07" name="login" time="4.881"/>
  <system-out/>
  <testcase classname="com.teckArch.sfdc.TC07" name="step2" time="0.628"/>
  <system-out/>
</testsuite> <!-- com.teckArch.sfdc.TC07 -->
