<?xml version="1.0" encoding="UTF-8"?>
<!-- Generated by org.testng.reporters.JUnitReportReporter -->
<testsuite hostname="SumedhKrishna" failures="0" tests="3" name="com.teckArch.sfdc.TC18_TestStucOpportunitiesReport" time="5.895" errors="0" timestamp="2023-08-24T10:29:25 EDT" skipped="0">
  <testcase classname="com.teckArch.sfdc.TC18_TestStucOpportunitiesReport" name="step1" time="3.898"/>
  <system-out/>
  <testcase classname="com.teckArch.sfdc.TC18_TestStucOpportunitiesReport" name="step2" time="0.238"/>
  <system-out/>
  <testcase classname="com.teckArch.sfdc.TC18_TestStucOpportunitiesReport" name="step3" time="1.759"/>
  <system-out/>
</testsuite> <!-- com.teckArch.sfdc.TC18_TestStucOpportunitiesReport -->
