<?xml version="1.0" encoding="UTF-8"?>
<!-- Generated by org.testng.reporters.JUnitReportReporter -->
<testsuite hostname="SumedhKrishna" failures="0" tests="4" name="com.teckArch.sfdc.TC24_CheckNewButtonOnLeadsHome" time="7.435" errors="0" timestamp="2023-08-24T19:19:39 EDT" skipped="0">
  <testcase classname="com.teckArch.sfdc.TC24_CheckNewButtonOnLeadsHome" name="step1" time="4.860"/>
  <system-out/>
  <testcase classname="com.teckArch.sfdc.TC24_CheckNewButtonOnLeadsHome" name="step2" time="0.273"/>
  <system-out/>
  <testcase classname="com.teckArch.sfdc.TC24_CheckNewButtonOnLeadsHome" name="step3" time="0.457"/>
  <system-out/>
  <testcase classname="com.teckArch.sfdc.TC24_CheckNewButtonOnLeadsHome" name="step4" time="1.845"/>
  <system-out/>
</testsuite> <!-- com.teckArch.sfdc.TC24_CheckNewButtonOnLeadsHome -->
