<?xml version="1.0" encoding="UTF-8"?>
<!-- Generated by org.testng.reporters.JUnitReportReporter -->
<testsuite hostname="SumedhKrishna" failures="0" tests="3" name="com.teckArch.sfdc.T23_ListItemTodaysLeadswork" time="12.365" errors="0" timestamp="2023-08-24T19:00:59 EDT" skipped="0">
  <testcase classname="com.teckArch.sfdc.T23_ListItemTodaysLeadswork" name="step1" time="10.785"/>
  <system-out/>
  <testcase classname="com.teckArch.sfdc.T23_ListItemTodaysLeadswork" name="step2" time="0.364"/>
  <system-out/>
  <testcase classname="com.teckArch.sfdc.T23_ListItemTodaysLeadswork" name="step3" time="1.216"/>
  <system-out/>
</testsuite> <!-- com.teckArch.sfdc.T23_ListItemTodaysLeadswork -->
