<?xml version="1.0" encoding="UTF-8"?>
<!-- Generated by org.testng.reporters.JUnitReportReporter -->
<testsuite hostname="SumedhKrishna" failures="0" tests="4" name="com.teckArch.sfdc.TC26_CreateNewViewInTheContactPage" time="8.048" errors="0" timestamp="2023-08-24T22:29:52 EDT" skipped="0">
  <testcase classname="com.teckArch.sfdc.TC26_CreateNewViewInTheContactPage" name="step1" time="5.460"/>
  <system-out/>
  <testcase classname="com.teckArch.sfdc.TC26_CreateNewViewInTheContactPage" name="step2" time="0.299"/>
  <system-out/>
  <testcase classname="com.teckArch.sfdc.TC26_CreateNewViewInTheContactPage" name="step3" time="0.709"/>
  <system-out/>
  <testcase classname="com.teckArch.sfdc.TC26_CreateNewViewInTheContactPage" name="step4" time="1.580"/>
  <system-out/>
</testsuite> <!-- com.teckArch.sfdc.TC26_CreateNewViewInTheContactPage -->
