<?xml version="1.0" encoding="UTF-8"?>
<!-- Generated by org.testng.reporters.JUnitReportReporter -->
<testsuite hostname="SumedhKrishna" failures="0" tests="3" name="com.teckArch.sfdc.TC15_opportunitiesDropDown" time="4.409" errors="0" timestamp="2023-08-23T22:20:24 EDT" skipped="0">
  <testcase classname="com.teckArch.sfdc.TC15_opportunitiesDropDown" name="step1" time="3.614"/>
  <system-out/>
  <testcase classname="com.teckArch.sfdc.TC15_opportunitiesDropDown" name="step2" time="0.229"/>
  <system-out/>
  <testcase classname="com.teckArch.sfdc.TC15_opportunitiesDropDown" name="step3" time="0.566"/>
  <system-out/>
</testsuite> <!-- com.teckArch.sfdc.TC15_opportunitiesDropDown -->
