<?xml version="1.0" encoding="UTF-8"?>
<!-- Generated by org.testng.reporters.JUnitReportReporter -->
<testsuite hostname="SumedhKrishna" failures="0" tests="3" name="com.teckArch.sfdc.TC29_ContactPage" time="5.898" errors="0" timestamp="2023-08-30T22:19:50 EDT" skipped="0">
  <testcase classname="com.teckArch.sfdc.TC29_ContactPage" name="step1" time="4.976"/>
  <system-out/>
  <testcase classname="com.teckArch.sfdc.TC29_ContactPage" name="step2" time="0.251"/>
  <system-out/>
  <testcase classname="com.teckArch.sfdc.TC29_ContactPage" name="step3" time="0.671"/>
  <system-out/>
</testsuite> <!-- com.teckArch.sfdc.TC29_ContactPage -->
