<?xml version="1.0" encoding="UTF-8"?>
<!-- Generated by org.testng.reporters.JUnitReportReporter -->
<testsuite hostname="SumedhKrishna" failures="0" tests="3" name="com.teckArch.sfdc.TC19_TestQuarterlySummaryReport" time="8.218" errors="0" timestamp="2023-08-24T17:56:27 EDT" skipped="0">
  <testcase classname="com.teckArch.sfdc.TC19_TestQuarterlySummaryReport" name="step1" time="4.478"/>
  <system-out/>
  <testcase classname="com.teckArch.sfdc.TC19_TestQuarterlySummaryReport" name="step2" time="0.255"/>
  <system-out/>
  <testcase classname="com.teckArch.sfdc.TC19_TestQuarterlySummaryReport" name="step3" time="3.485"/>
  <system-out/>
</testsuite> <!-- com.teckArch.sfdc.TC19_TestQuarterlySummaryReport -->
