<?xml version="1.0" encoding="UTF-8"?>
<!-- Generated by org.testng.reporters.JUnitReportReporter -->
<testsuite hostname="SumedhKrishna" failures="0" tests="6" name="com.teckArch.sfdc.TC22_DefaultView" time="16.431" errors="0" timestamp="2023-08-24T18:40:09 EDT" skipped="0">
  <testcase classname="com.teckArch.sfdc.TC22_DefaultView" name="step1" time="9.255"/>
  <system-out/>
  <testcase classname="com.teckArch.sfdc.TC22_DefaultView" name="step2" time="0.316"/>
  <system-out/>
  <testcase classname="com.teckArch.sfdc.TC22_DefaultView" name="step3" time="1.671"/>
  <system-out/>
  <testcase classname="com.teckArch.sfdc.TC22_DefaultView" name="step4" time="3.956"/>
  <system-out/>
  <testcase classname="com.teckArch.sfdc.TC22_DefaultView" name="step5" time="0.371"/>
  <system-out/>
  <testcase classname="com.teckArch.sfdc.TC22_DefaultView" name="step6" time="0.862"/>
  <system-out/>
</testsuite> <!-- com.teckArch.sfdc.TC22_DefaultView -->
