<?xml version="1.0" encoding="UTF-8"?>
<!-- Generated by org.testng.reporters.JUnitReportReporter -->
<testsuite hostname="SumedhKrishna" failures="0" tests="1" name="com.teckArch.sfdc.Login_To_SalesForceTC2" time="4.389" errors="0" timestamp="2023-08-19T14:59:19 EDT" skipped="0">
  <testcase classname="com.teckArch.sfdc.Login_To_SalesForceTC2" name="login" time="4.389"/>
  <system-out/>
</testsuite> <!-- com.teckArch.sfdc.Login_To_SalesForceTC2 -->
